2023-07-04 20:44:53.454 [info] Extension host with pid 2167 started
2023-07-04 20:44:53.536 [info] Lock '/home/ken12/.vscode-server/data/User/workspaceStorage/3ff6fbc08625fecbdb3835230894aa1e/vscode.lock': Lock acquired.
2023-07-04 20:44:53.837 [info] ExtensionService#_doActivateExtension vscode.emmet, startup: false, activationEvent: 'onLanguage'
2023-07-04 20:44:53.838 [info] ExtensionService#_doActivateExtension vscode.html-language-features, startup: false, activationEvent: 'onLanguage:html'
2023-07-04 20:44:54.841 [info] ExtensionService#_doActivateExtension vscode.git-base, startup: true, activationEvent: '*', root cause: vscode.git
2023-07-04 20:44:55.054 [info] ExtensionService#_doActivateExtension vscode.git, startup: true, activationEvent: '*'
2023-07-04 20:44:55.068 [info] ExtensionService#_doActivateExtension vscode.github, startup: true, activationEvent: '*'
2023-07-04 20:44:55.594 [info] Eager extensions activated
2023-07-04 20:44:55.595 [info] ExtensionService#_doActivateExtension vscode.debug-auto-launch, startup: false, activationEvent: 'onStartupFinished'
2023-07-04 20:44:55.596 [info] ExtensionService#_doActivateExtension vscode.merge-conflict, startup: false, activationEvent: 'onStartupFinished'
2023-07-04 20:52:28.645 [warning] [Decorations] CAPPING events from decorations provider vscode.git 1450
2023-07-04 20:52:29.033 [warning] [Decorations] CAPPING events from decorations provider vscode.git 1450
2023-07-04 20:54:01.315 [warning] [Decorations] CAPPING events from decorations provider vscode.git 1451
2023-07-04 20:54:06.414 [warning] [Decorations] CAPPING events from decorations provider vscode.git 1451
2023-07-04 20:54:11.512 [warning] [Decorations] CAPPING events from decorations provider vscode.git 1451
2023-07-04 20:54:16.619 [warning] [Decorations] CAPPING events from decorations provider vscode.git 1451
2023-07-04 20:54:21.691 [warning] [Decorations] CAPPING events from decorations provider vscode.git 1451
2023-07-04 20:54:30.265 [warning] [Decorations] CAPPING events from decorations provider vscode.git 1451
2023-07-04 20:54:33.509 [info] ExtensionService#_doActivateExtension vscode.css-language-features, startup: false, activationEvent: 'onLanguage:css'
2023-07-04 20:54:35.488 [warning] [Decorations] CAPPING events from decorations provider vscode.git 1452
2023-07-04 20:54:40.574 [warning] [Decorations] CAPPING events from decorations provider vscode.git 1452
2023-07-04 20:56:17.569 [warning] [Decorations] CAPPING events from decorations provider vscode.git 1453
2023-07-04 20:56:22.661 [warning] [Decorations] CAPPING events from decorations provider vscode.git 1453
